<?xml version="1.0" encoding="UTF-8"?>
<testsuite name="com.cardinal.cidemo.PartControllerTest" tests="1" skipped="0" failures="0" errors="0" timestamp="2020-09-24T07:48:49" hostname="ip-172-31-57-177" time="1.159">
  <properties/>
  <testcase name="test_getAllParts()" classname="com.cardinal.cidemo.PartControllerTest" time="1.159"/>
  <system-out><![CDATA[07:48:46.494 [Test worker] DEBUG org.springframework.test.context.BootstrapUtils - Instantiating CacheAwareContextLoaderDelegate from class [org.springframework.test.context.cache.DefaultCacheAwareContextLoaderDelegate]
07:48:46.518 [Test worker] DEBUG org.springframework.test.context.BootstrapUtils - Instantiating BootstrapContext using constructor [public org.springframework.test.context.support.DefaultBootstrapContext(java.lang.Class,org.springframework.test.context.CacheAwareContextLoaderDelegate)]
07:48:46.548 [Test worker] DEBUG org.springframework.test.context.BootstrapUtils - Instantiating TestContextBootstrapper for test class [com.cardinal.cidemo.PartControllerTest] from class [org.springframework.boot.test.context.SpringBootTestContextBootstrapper]
07:48:46.569 [Test worker] INFO org.springframework.boot.test.context.SpringBootTestContextBootstrapper - Neither @ContextConfiguration nor @ContextHierarchy found for test class [com.cardinal.cidemo.PartControllerTest], using SpringBootContextLoader
07:48:46.574 [Test worker] DEBUG org.springframework.test.context.support.AbstractContextLoader - Did not detect default resource location for test class [com.cardinal.cidemo.PartControllerTest]: class path resource [com/cardinal/cidemo/PartControllerTest-context.xml] does not exist
07:48:46.575 [Test worker] DEBUG org.springframework.test.context.support.AbstractContextLoader - Did not detect default resource location for test class [com.cardinal.cidemo.PartControllerTest]: class path resource [com/cardinal/cidemo/PartControllerTestContext.groovy] does not exist
07:48:46.576 [Test worker] INFO org.springframework.test.context.support.AbstractContextLoader - Could not detect default resource locations for test class [com.cardinal.cidemo.PartControllerTest]: no resource found for suffixes {-context.xml, Context.groovy}.
07:48:46.577 [Test worker] INFO org.springframework.test.context.support.AnnotationConfigContextLoaderUtils - Could not detect default configuration classes for test class [com.cardinal.cidemo.PartControllerTest]: PartControllerTest does not declare any static, non-private, non-final, nested classes annotated with @Configuration.
07:48:46.630 [Test worker] DEBUG org.springframework.test.context.support.ActiveProfilesUtils - Could not find an 'annotation declaring class' for annotation type [org.springframework.test.context.ActiveProfiles] and class [com.cardinal.cidemo.PartControllerTest]
07:48:46.684 [Test worker] DEBUG org.springframework.context.annotation.ClassPathScanningCandidateComponentProvider - Identified candidate component class: file [/home/ubuntu/springbootapp/build/classes/java/main/com/cardinal/cidemo/CiDemoApplication.class]
07:48:46.697 [Test worker] INFO org.springframework.boot.test.context.SpringBootTestContextBootstrapper - Found @SpringBootConfiguration com.cardinal.cidemo.CiDemoApplication for test class com.cardinal.cidemo.PartControllerTest
07:48:46.788 [Test worker] DEBUG org.springframework.boot.test.context.SpringBootTestContextBootstrapper - @TestExecutionListeners is not present for class [com.cardinal.cidemo.PartControllerTest]: using defaults.
07:48:46.789 [Test worker] INFO org.springframework.boot.test.context.SpringBootTestContextBootstrapper - Loaded default TestExecutionListener class names from location [META-INF/spring.factories]: [org.springframework.boot.test.autoconfigure.restdocs.RestDocsTestExecutionListener, org.springframework.boot.test.autoconfigure.web.client.MockRestServiceServerResetTestExecutionListener, org.springframework.boot.test.autoconfigure.web.servlet.MockMvcPrintOnlyOnFailureTestExecutionListener, org.springframework.boot.test.autoconfigure.web.servlet.WebDriverTestExecutionListener, org.springframework.boot.test.mock.mockito.MockitoTestExecutionListener, org.springframework.boot.test.mock.mockito.ResetMocksTestExecutionListener, org.springframework.test.context.web.ServletTestExecutionListener, org.springframework.test.context.support.DirtiesContextBeforeModesTestExecutionListener, org.springframework.test.context.support.DependencyInjectionTestExecutionListener, org.springframework.test.context.support.DirtiesContextTestExecutionListener, org.springframework.test.context.transaction.TransactionalTestExecutionListener, org.springframework.test.context.jdbc.SqlScriptsTestExecutionListener, org.springframework.test.context.event.EventPublishingTestExecutionListener]
07:48:46.804 [Test worker] INFO org.springframework.boot.test.context.SpringBootTestContextBootstrapper - Using TestExecutionListeners: [org.springframework.test.context.web.ServletTestExecutionListener@241c6379, org.springframework.test.context.support.DirtiesContextBeforeModesTestExecutionListener@36e62461, org.springframework.boot.test.mock.mockito.MockitoTestExecutionListener@77e2d14b, org.springframework.boot.test.autoconfigure.SpringBootDependencyInjectionTestExecutionListener@56164736, org.springframework.test.context.support.DirtiesContextTestExecutionListener@11d6e126, org.springframework.test.context.transaction.TransactionalTestExecutionListener@16941a51, org.springframework.test.context.jdbc.SqlScriptsTestExecutionListener@771df941, org.springframework.test.context.event.EventPublishingTestExecutionListener@13d63f63, org.springframework.boot.test.autoconfigure.restdocs.RestDocsTestExecutionListener@352f33ee, org.springframework.boot.test.autoconfigure.web.client.MockRestServiceServerResetTestExecutionListener@3dfe188, org.springframework.boot.test.autoconfigure.web.servlet.MockMvcPrintOnlyOnFailureTestExecutionListener@1b10d743, org.springframework.boot.test.autoconfigure.web.servlet.WebDriverTestExecutionListener@399fce65, org.springframework.boot.test.mock.mockito.ResetMocksTestExecutionListener@75633afb]
07:48:46.809 [Test worker] DEBUG org.springframework.test.context.support.AbstractDirtiesContextTestExecutionListener - Before test class: context [DefaultTestContext@4627f37 testClass = PartControllerTest, testInstance = [null], testMethod = [null], testException = [null], mergedContextConfiguration = [WebMergedContextConfiguration@3035880e testClass = PartControllerTest, locations = '{}', classes = '{class com.cardinal.cidemo.CiDemoApplication}', contextInitializerClasses = '[]', activeProfiles = '{}', propertySourceLocations = '{}', propertySourceProperties = '{org.springframework.boot.test.context.SpringBootTestContextBootstrapper=true, server.port=0}', contextCustomizers = set[org.springframework.boot.test.autoconfigure.properties.PropertyMappingContextCustomizer@0, org.springframework.boot.test.autoconfigure.web.servlet.WebDriverContextCustomizerFactory$Customizer@7cf27cc8, org.springframework.boot.test.context.filter.ExcludeFilterContextCustomizer@4379bd34, org.springframework.boot.test.json.DuplicateJsonObjectContextCustomizerFactory$DuplicateJsonObjectContextCustomizer@167f6b6e, org.springframework.boot.test.mock.mockito.MockitoContextCustomizer@0, org.springframework.boot.test.web.client.TestRestTemplateContextCustomizer@6d06cf5c], resourceBasePath = 'src/main/webapp', contextLoader = 'org.springframework.boot.test.context.SpringBootContextLoader', parent = [null]], attributes = map['org.springframework.test.context.web.ServletTestExecutionListener.activateListener' -> false]], class annotated with @DirtiesContext [false] with mode [null].
07:48:46.824 [Test worker] DEBUG org.springframework.test.context.support.DependencyInjectionTestExecutionListener - Performing dependency injection for test context [[DefaultTestContext@4627f37 testClass = PartControllerTest, testInstance = com.cardinal.cidemo.PartControllerTest@7597b8e2, testMethod = [null], testException = [null], mergedContextConfiguration = [WebMergedContextConfiguration@3035880e testClass = PartControllerTest, locations = '{}', classes = '{class com.cardinal.cidemo.CiDemoApplication}', contextInitializerClasses = '[]', activeProfiles = '{}', propertySourceLocations = '{}', propertySourceProperties = '{org.springframework.boot.test.context.SpringBootTestContextBootstrapper=true, server.port=0}', contextCustomizers = set[org.springframework.boot.test.autoconfigure.properties.PropertyMappingContextCustomizer@0, org.springframework.boot.test.autoconfigure.web.servlet.WebDriverContextCustomizerFactory$Customizer@7cf27cc8, org.springframework.boot.test.context.filter.ExcludeFilterContextCustomizer@4379bd34, org.springframework.boot.test.json.DuplicateJsonObjectContextCustomizerFactory$DuplicateJsonObjectContextCustomizer@167f6b6e, org.springframework.boot.test.mock.mockito.MockitoContextCustomizer@0, org.springframework.boot.test.web.client.TestRestTemplateContextCustomizer@6d06cf5c], resourceBasePath = 'src/main/webapp', contextLoader = 'org.springframework.boot.test.context.SpringBootContextLoader', parent = [null]], attributes = map['org.springframework.test.context.web.ServletTestExecutionListener.activateListener' -> false]]].
07:48:46.842 [Test worker] DEBUG org.springframework.test.context.support.TestPropertySourceUtils - Adding inlined properties to environment: {spring.jmx.enabled=false, org.springframework.boot.test.context.SpringBootTestContextBootstrapper=true, server.port=0}

  .   ____          _            __ _ _
 /\\ / ___'_ __ _ _(_)_ __  __ _ \ \ \ \
( ( )\___ | '_ | '_| | '_ \/ _` | \ \ \ \
 \\/  ___)| |_)| | | | | || (_| |  ) ) ) )
  '  |____| .__|_| |_|_| |_\__, | / / / /
 =========|_|==============|___/=/_/_/_/
 :: Spring Boot ::        (v2.2.1.RELEASE)

2020-09-24 07:48:47.319  INFO 1636 --- [    Test worker] com.cardinal.cidemo.PartControllerTest   : Starting PartControllerTest on ip-172-31-57-177 with PID 1636 (started by ubuntu in /home/ubuntu/springbootapp)
2020-09-24 07:48:47.328  INFO 1636 --- [    Test worker] com.cardinal.cidemo.PartControllerTest   : No active profile set, falling back to default profiles: default
2020-09-24 07:48:48.211  INFO 1636 --- [    Test worker] .s.d.r.c.RepositoryConfigurationDelegate : Bootstrapping Spring Data repositories in DEFAULT mode.
2020-09-24 07:48:48.228  INFO 1636 --- [    Test worker] .s.d.r.c.RepositoryConfigurationDelegate : Finished Spring Data repository scanning in 12ms. Found 0 repository interfaces.
2020-09-24 07:48:48.524  INFO 1636 --- [    Test worker] trationDelegate$BeanPostProcessorChecker : Bean 'org.springframework.transaction.annotation.ProxyTransactionManagementConfiguration' of type [org.springframework.transaction.annotation.ProxyTransactionManagementConfiguration] is not eligible for getting processed by all BeanPostProcessors (for example: not eligible for auto-proxying)
2020-09-24 07:48:48.890  INFO 1636 --- [    Test worker] o.s.b.w.embedded.tomcat.TomcatWebServer  : Tomcat initialized with port(s): 0 (http)
2020-09-24 07:48:48.901  INFO 1636 --- [    Test worker] o.apache.catalina.core.StandardService   : Starting service [Tomcat]
2020-09-24 07:48:48.902  INFO 1636 --- [    Test worker] org.apache.catalina.core.StandardEngine  : Starting Servlet engine: [Apache Tomcat/9.0.27]
2020-09-24 07:48:49.027  INFO 1636 --- [    Test worker] o.a.c.c.C.[Tomcat].[localhost].[/]       : Initializing Spring embedded WebApplicationContext
2020-09-24 07:48:49.027  INFO 1636 --- [    Test worker] o.s.web.context.ContextLoader            : Root WebApplicationContext: initialization completed in 1659 ms
2020-09-24 07:48:49.557  INFO 1636 --- [    Test worker] o.s.s.concurrent.ThreadPoolTaskExecutor  : Initializing ExecutorService 'applicationTaskExecutor'
2020-09-24 07:48:49.930  INFO 1636 --- [    Test worker] o.s.b.w.embedded.tomcat.TomcatWebServer  : Tomcat started on port(s): 33049 (http) with context path ''
2020-09-24 07:48:49.934  INFO 1636 --- [    Test worker] com.cardinal.cidemo.PartControllerTest   : Started PartControllerTest in 3.089 seconds (JVM running for 4.379)
2020-09-24 07:48:50.460  INFO 1636 --- [o-auto-1-exec-1] o.a.c.c.C.[Tomcat].[localhost].[/]       : Initializing Spring DispatcherServlet 'dispatcherServlet'
2020-09-24 07:48:50.462  INFO 1636 --- [o-auto-1-exec-1] o.s.web.servlet.DispatcherServlet        : Initializing Servlet 'dispatcherServlet'
2020-09-24 07:48:50.479  INFO 1636 --- [o-auto-1-exec-1] o.s.web.servlet.DispatcherServlet        : Completed initialization in 17 ms
2020-09-24 07:48:50.520  INFO 1636 --- [o-auto-1-exec-1] com.zaxxer.hikari.HikariDataSource       : HikariPool-1 - Starting...
2020-09-24 07:48:50.844  INFO 1636 --- [o-auto-1-exec-1] com.zaxxer.hikari.HikariDataSource       : HikariPool-1 - Start completed.
]]></system-out>
  <system-err><![CDATA[]]></system-err>
</testsuite>
