<?xml version="1.0" encoding="UTF-8"?>
<testsuite name="com.cardinal.cidemo.CiDemoApplicationTests" tests="1" skipped="0" failures="0" errors="0" timestamp="2020-09-24T07:48:51" hostname="ip-172-31-57-177" time="0.003">
  <properties/>
  <testcase name="contextLoads()" classname="com.cardinal.cidemo.CiDemoApplicationTests" time="0.003"/>
  <system-out><![CDATA[2020-09-24 07:48:51.879  INFO 1636 --- [    Test worker] .b.t.c.SpringBootTestContextBootstrapper : Neither @ContextConfiguration nor @ContextHierarchy found for test class [com.cardinal.cidemo.CiDemoApplicationTests], using SpringBootContextLoader
2020-09-24 07:48:51.880  INFO 1636 --- [    Test worker] o.s.t.c.support.AbstractContextLoader    : Could not detect default resource locations for test class [com.cardinal.cidemo.CiDemoApplicationTests]: no resource found for suffixes {-context.xml, Context.groovy}.
2020-09-24 07:48:51.882  INFO 1636 --- [    Test worker] t.c.s.AnnotationConfigContextLoaderUtils : Could not detect default configuration classes for test class [com.cardinal.cidemo.CiDemoApplicationTests]: CiDemoApplicationTests does not declare any static, non-private, non-final, nested classes annotated with @Configuration.
2020-09-24 07:48:51.883  INFO 1636 --- [    Test worker] .b.t.c.SpringBootTestContextBootstrapper : Found @SpringBootConfiguration com.cardinal.cidemo.CiDemoApplication for test class com.cardinal.cidemo.CiDemoApplicationTests
2020-09-24 07:48:51.885  INFO 1636 --- [    Test worker] .b.t.c.SpringBootTestContextBootstrapper : Loaded default TestExecutionListener class names from location [META-INF/spring.factories]: [org.springframework.boot.test.autoconfigure.restdocs.RestDocsTestExecutionListener, org.springframework.boot.test.autoconfigure.web.client.MockRestServiceServerResetTestExecutionListener, org.springframework.boot.test.autoconfigure.web.servlet.MockMvcPrintOnlyOnFailureTestExecutionListener, org.springframework.boot.test.autoconfigure.web.servlet.WebDriverTestExecutionListener, org.springframework.boot.test.mock.mockito.MockitoTestExecutionListener, org.springframework.boot.test.mock.mockito.ResetMocksTestExecutionListener, org.springframework.test.context.web.ServletTestExecutionListener, org.springframework.test.context.support.DirtiesContextBeforeModesTestExecutionListener, org.springframework.test.context.support.DependencyInjectionTestExecutionListener, org.springframework.test.context.support.DirtiesContextTestExecutionListener, org.springframework.test.context.transaction.TransactionalTestExecutionListener, org.springframework.test.context.jdbc.SqlScriptsTestExecutionListener, org.springframework.test.context.event.EventPublishingTestExecutionListener]
2020-09-24 07:48:51.892  INFO 1636 --- [    Test worker] .b.t.c.SpringBootTestContextBootstrapper : Using TestExecutionListeners: [org.springframework.test.context.web.ServletTestExecutionListener@18eae771, org.springframework.test.context.support.DirtiesContextBeforeModesTestExecutionListener@4173b6cc, org.springframework.boot.test.mock.mockito.MockitoTestExecutionListener@5a20033d, org.springframework.boot.test.autoconfigure.SpringBootDependencyInjectionTestExecutionListener@20b67c7, org.springframework.test.context.support.DirtiesContextTestExecutionListener@4d95d998, org.springframework.test.context.transaction.TransactionalTestExecutionListener@118cc330, org.springframework.test.context.jdbc.SqlScriptsTestExecutionListener@4bef03d7, org.springframework.test.context.event.EventPublishingTestExecutionListener@12837032, org.springframework.boot.test.autoconfigure.restdocs.RestDocsTestExecutionListener@713922e3, org.springframework.boot.test.autoconfigure.web.client.MockRestServiceServerResetTestExecutionListener@65bfab7, org.springframework.boot.test.autoconfigure.web.servlet.MockMvcPrintOnlyOnFailureTestExecutionListener@3519a010, org.springframework.boot.test.autoconfigure.web.servlet.WebDriverTestExecutionListener@3c924461, org.springframework.boot.test.mock.mockito.ResetMocksTestExecutionListener@404472a]
]]></system-out>
  <system-err><![CDATA[]]></system-err>
</testsuite>
