<?xml version="1.0" encoding="UTF-8"?>
<testsuite name="com.cardinal.cidemo.PartDaoTest" tests="1" skipped="0" failures="0" errors="0" timestamp="2020-09-24T07:48:51" hostname="ip-172-31-57-177" time="0.054">
  <properties/>
  <testcase name="test_getParts()" classname="com.cardinal.cidemo.PartDaoTest" time="0.054"/>
  <system-out><![CDATA[2020-09-24 07:48:51.121  INFO 1636 --- [    Test worker] .b.t.c.SpringBootTestContextBootstrapper : Neither @ContextConfiguration nor @ContextHierarchy found for test class [com.cardinal.cidemo.PartDaoTest], using SpringBootContextLoader
2020-09-24 07:48:51.124  INFO 1636 --- [    Test worker] o.s.t.c.support.AbstractContextLoader    : Could not detect default resource locations for test class [com.cardinal.cidemo.PartDaoTest]: no resource found for suffixes {-context.xml, Context.groovy}.
2020-09-24 07:48:51.124  INFO 1636 --- [    Test worker] t.c.s.AnnotationConfigContextLoaderUtils : Could not detect default configuration classes for test class [com.cardinal.cidemo.PartDaoTest]: PartDaoTest does not declare any static, non-private, non-final, nested classes annotated with @Configuration.
2020-09-24 07:48:51.130  INFO 1636 --- [    Test worker] .b.t.c.SpringBootTestContextBootstrapper : Found @SpringBootConfiguration com.cardinal.cidemo.CiDemoApplication for test class com.cardinal.cidemo.PartDaoTest
2020-09-24 07:48:51.132  INFO 1636 --- [    Test worker] .b.t.c.SpringBootTestContextBootstrapper : Loaded default TestExecutionListener class names from location [META-INF/spring.factories]: [org.springframework.boot.test.autoconfigure.restdocs.RestDocsTestExecutionListener, org.springframework.boot.test.autoconfigure.web.client.MockRestServiceServerResetTestExecutionListener, org.springframework.boot.test.autoconfigure.web.servlet.MockMvcPrintOnlyOnFailureTestExecutionListener, org.springframework.boot.test.autoconfigure.web.servlet.WebDriverTestExecutionListener, org.springframework.boot.test.mock.mockito.MockitoTestExecutionListener, org.springframework.boot.test.mock.mockito.ResetMocksTestExecutionListener, org.springframework.test.context.web.ServletTestExecutionListener, org.springframework.test.context.support.DirtiesContextBeforeModesTestExecutionListener, org.springframework.test.context.support.DependencyInjectionTestExecutionListener, org.springframework.test.context.support.DirtiesContextTestExecutionListener, org.springframework.test.context.transaction.TransactionalTestExecutionListener, org.springframework.test.context.jdbc.SqlScriptsTestExecutionListener, org.springframework.test.context.event.EventPublishingTestExecutionListener]
2020-09-24 07:48:51.133  INFO 1636 --- [    Test worker] .b.t.c.SpringBootTestContextBootstrapper : Using TestExecutionListeners: [org.springframework.test.context.web.ServletTestExecutionListener@400c0ebc, org.springframework.test.context.support.DirtiesContextBeforeModesTestExecutionListener@5e5e42f, org.springframework.boot.test.mock.mockito.MockitoTestExecutionListener@6c0a1f00, org.springframework.boot.test.autoconfigure.SpringBootDependencyInjectionTestExecutionListener@c1f901b, org.springframework.test.context.support.DirtiesContextTestExecutionListener@2cc616ca, org.springframework.test.context.transaction.TransactionalTestExecutionListener@6284be1, org.springframework.test.context.jdbc.SqlScriptsTestExecutionListener@3a66a63b, org.springframework.test.context.event.EventPublishingTestExecutionListener@4a896624, org.springframework.boot.test.autoconfigure.restdocs.RestDocsTestExecutionListener@56e549f9, org.springframework.boot.test.autoconfigure.web.client.MockRestServiceServerResetTestExecutionListener@12d66787, org.springframework.boot.test.autoconfigure.web.servlet.MockMvcPrintOnlyOnFailureTestExecutionListener@1d0e5c98, org.springframework.boot.test.autoconfigure.web.servlet.WebDriverTestExecutionListener@1c37a15b, org.springframework.boot.test.mock.mockito.ResetMocksTestExecutionListener@606199a5]

  .   ____          _            __ _ _
 /\\ / ___'_ __ _ _(_)_ __  __ _ \ \ \ \
( ( )\___ | '_ | '_| | '_ \/ _` | \ \ \ \
 \\/  ___)| |_)| | | | | || (_| |  ) ) ) )
  '  |____| .__|_| |_|_| |_\__, | / / / /
 =========|_|==============|___/=/_/_/_/
 :: Spring Boot ::        (v2.2.1.RELEASE)

2020-09-24 07:48:51.200  INFO 1636 --- [    Test worker] com.cardinal.cidemo.PartDaoTest          : Starting PartDaoTest on ip-172-31-57-177 with PID 1636 (started by ubuntu in /home/ubuntu/springbootapp)
2020-09-24 07:48:51.206  INFO 1636 --- [    Test worker] com.cardinal.cidemo.PartDaoTest          : No active profile set, falling back to default profiles: default
2020-09-24 07:48:51.348  INFO 1636 --- [    Test worker] .s.d.r.c.RepositoryConfigurationDelegate : Bootstrapping Spring Data repositories in DEFAULT mode.
2020-09-24 07:48:51.349  INFO 1636 --- [    Test worker] .s.d.r.c.RepositoryConfigurationDelegate : Finished Spring Data repository scanning in 1ms. Found 0 repository interfaces.
2020-09-24 07:48:51.416  INFO 1636 --- [    Test worker] trationDelegate$BeanPostProcessorChecker : Bean 'org.springframework.transaction.annotation.ProxyTransactionManagementConfiguration' of type [org.springframework.transaction.annotation.ProxyTransactionManagementConfiguration] is not eligible for getting processed by all BeanPostProcessors (for example: not eligible for auto-proxying)
2020-09-24 07:48:51.629  INFO 1636 --- [    Test worker] o.s.s.concurrent.ThreadPoolTaskExecutor  : Initializing ExecutorService 'applicationTaskExecutor'
2020-09-24 07:48:51.810  INFO 1636 --- [    Test worker] com.cardinal.cidemo.PartDaoTest          : Started PartDaoTest in 0.656 seconds (JVM running for 6.255)
2020-09-24 07:48:51.827  INFO 1636 --- [    Test worker] com.zaxxer.hikari.HikariDataSource       : HikariPool-2 - Starting...
2020-09-24 07:48:51.862  INFO 1636 --- [    Test worker] com.zaxxer.hikari.HikariDataSource       : HikariPool-2 - Start completed.
2020-09-24 07:48:51.865  INFO 1636 --- [    Test worker] o.s.t.c.transaction.TransactionContext   : Began transaction (1) for test context [DefaultTestContext@2eb93848 testClass = PartDaoTest, testInstance = com.cardinal.cidemo.PartDaoTest@1b656554, testMethod = test_getParts@PartDaoTest, testException = [null], mergedContextConfiguration = [WebMergedContextConfiguration@680455e3 testClass = PartDaoTest, locations = '{}', classes = '{class com.cardinal.cidemo.CiDemoApplication}', contextInitializerClasses = '[]', activeProfiles = '{}', propertySourceLocations = '{}', propertySourceProperties = '{org.springframework.boot.test.context.SpringBootTestContextBootstrapper=true}', contextCustomizers = set[org.springframework.boot.test.autoconfigure.properties.PropertyMappingContextCustomizer@0, org.springframework.boot.test.autoconfigure.web.servlet.WebDriverContextCustomizerFactory$Customizer@7cf27cc8, org.springframework.boot.test.context.filter.ExcludeFilterContextCustomizer@4379bd34, org.springframework.boot.test.json.DuplicateJsonObjectContextCustomizerFactory$DuplicateJsonObjectContextCustomizer@167f6b6e, org.springframework.boot.test.mock.mockito.MockitoContextCustomizer@0, org.springframework.boot.test.web.client.TestRestTemplateContextCustomizer@6d06cf5c], resourceBasePath = 'src/main/webapp', contextLoader = 'org.springframework.boot.test.context.SpringBootContextLoader', parent = [null]], attributes = map['org.springframework.test.context.web.ServletTestExecutionListener.activateListener' -> true, 'org.springframework.test.context.web.ServletTestExecutionListener.populatedRequestContextHolder' -> true, 'org.springframework.test.context.web.ServletTestExecutionListener.resetRequestContextHolder' -> true]]; transaction manager [org.springframework.jdbc.datasource.DataSourceTransactionManager@332604c5]; rollback [true]
2020-09-24 07:48:51.875  INFO 1636 --- [    Test worker] o.s.t.c.transaction.TransactionContext   : Rolled back transaction for test: [DefaultTestContext@2eb93848 testClass = PartDaoTest, testInstance = com.cardinal.cidemo.PartDaoTest@1b656554, testMethod = test_getParts@PartDaoTest, testException = [null], mergedContextConfiguration = [WebMergedContextConfiguration@680455e3 testClass = PartDaoTest, locations = '{}', classes = '{class com.cardinal.cidemo.CiDemoApplication}', contextInitializerClasses = '[]', activeProfiles = '{}', propertySourceLocations = '{}', propertySourceProperties = '{org.springframework.boot.test.context.SpringBootTestContextBootstrapper=true}', contextCustomizers = set[org.springframework.boot.test.autoconfigure.properties.PropertyMappingContextCustomizer@0, org.springframework.boot.test.autoconfigure.web.servlet.WebDriverContextCustomizerFactory$Customizer@7cf27cc8, org.springframework.boot.test.context.filter.ExcludeFilterContextCustomizer@4379bd34, org.springframework.boot.test.json.DuplicateJsonObjectContextCustomizerFactory$DuplicateJsonObjectContextCustomizer@167f6b6e, org.springframework.boot.test.mock.mockito.MockitoContextCustomizer@0, org.springframework.boot.test.web.client.TestRestTemplateContextCustomizer@6d06cf5c], resourceBasePath = 'src/main/webapp', contextLoader = 'org.springframework.boot.test.context.SpringBootContextLoader', parent = [null]], attributes = map['org.springframework.test.context.web.ServletTestExecutionListener.activateListener' -> true, 'org.springframework.test.context.web.ServletTestExecutionListener.populatedRequestContextHolder' -> true, 'org.springframework.test.context.web.ServletTestExecutionListener.resetRequestContextHolder' -> true]]
]]></system-out>
  <system-err><![CDATA[]]></system-err>
</testsuite>
